{"/Users/t/react-native/le-react-native-redux-saga-duck/src/assets/styles/global.js": {"path":"/Users/t/react-native/le-react-native-redux-saga-duck/src/assets/styles/global.js","statementMap":{"0":{"start":{"line":3,"column":20},"end":{"line":3,"column":50}},"1":{"start":{"line":4,"column":21},"end":{"line":4,"column":52}},"2":{"start":{"line":6,"column":14},"end":{"line":6,"column":35}},"3":{"start":{"line":7,"column":18},"end":{"line":7,"column":45}},"4":{"start":{"line":8,"column":18},"end":{"line":8,"column":53}},"5":{"start":{"line":10,"column":18},"end":{"line":10,"column":19}},"6":{"start":{"line":12,"column":0},"end":{"line":14,"column":54}},"7":{"start":{"line":12,"column":22},"end":{"line":12,"column":40}},"8":{"start":{"line":13,"column":5},"end":{"line":14,"column":54}},"9":{"start":{"line":13,"column":36},"end":{"line":13,"column":54}},"10":{"start":{"line":14,"column":5},"end":{"line":14,"column":54}},"11":{"start":{"line":14,"column":36},"end":{"line":14,"column":54}},"12":{"start":{"line":16,"column":23},"end":{"line":16,"column":51}},"13":{"start":{"line":16,"column":33},"end":{"line":16,"column":51}},"14":{"start":{"line":18,"column":21},"end":{"line":48,"column":1}},"15":{"start":{"line":50,"column":28},"end":{"line":50,"column":39}},"16":{"start":{"line":52,"column":20},"end":{"line":57,"column":1}},"17":{"start":{"line":59,"column":22},"end":{"line":64,"column":1}},"18":{"start":{"line":66,"column":36},"end":{"line":68,"column":1}}},"fnMap":{"0":{"name":"(anonymous_0)","decl":{"start":{"line":16,"column":23},"end":{"line":16,"column":24}},"loc":{"start":{"line":16,"column":33},"end":{"line":16,"column":51}},"line":16}},"branchMap":{"0":{"loc":{"start":{"line":7,"column":18},"end":{"line":7,"column":45}},"type":"binary-expr","locations":[{"start":{"line":7,"column":18},"end":{"line":7,"column":23}},{"start":{"line":7,"column":27},"end":{"line":7,"column":45}}],"line":7},"1":{"loc":{"start":{"line":12,"column":0},"end":{"line":14,"column":54}},"type":"if","locations":[{"start":{"line":12,"column":0},"end":{"line":14,"column":54}},{"start":{"line":12,"column":0},"end":{"line":14,"column":54}}],"line":12},"2":{"loc":{"start":{"line":13,"column":5},"end":{"line":14,"column":54}},"type":"if","locations":[{"start":{"line":13,"column":5},"end":{"line":14,"column":54}},{"start":{"line":13,"column":5},"end":{"line":14,"column":54}}],"line":13},"3":{"loc":{"start":{"line":13,"column":9},"end":{"line":13,"column":34}},"type":"binary-expr","locations":[{"start":{"line":13,"column":9},"end":{"line":13,"column":25}},{"start":{"line":13,"column":29},"end":{"line":13,"column":34}}],"line":13},"4":{"loc":{"start":{"line":14,"column":5},"end":{"line":14,"column":54}},"type":"if","locations":[{"start":{"line":14,"column":5},"end":{"line":14,"column":54}},{"start":{"line":14,"column":5},"end":{"line":14,"column":54}}],"line":14},"5":{"loc":{"start":{"line":14,"column":9},"end":{"line":14,"column":34}},"type":"binary-expr","locations":[{"start":{"line":14,"column":9},"end":{"line":14,"column":25}},{"start":{"line":14,"column":29},"end":{"line":14,"column":34}}],"line":14},"6":{"loc":{"start":{"line":67,"column":21},"end":{"line":67,"column":93}},"type":"cond-expr","locations":[{"start":{"line":67,"column":41},"end":{"line":67,"column":42}},{"start":{"line":67,"column":46},"end":{"line":67,"column":92}}],"line":67}},"s":{"0":1,"1":1,"2":1,"3":1,"4":1,"5":1,"6":1,"7":0,"8":1,"9":1,"10":0,"11":0,"12":1,"13":3,"14":1,"15":1,"16":1,"17":1,"18":1},"f":{"0":3},"b":{"0":[1,1],"1":[0,1],"2":[1,0],"3":[1,1],"4":[0,0],"5":[0,0],"6":[0,1]},"_coverageSchema":"43e27e138ebf9cfc5966b082cf9a028302ed4184","hash":"e9a44f3e34d7a476fe4bf6f2ef0d049eb01b37fb"}
,"/Users/t/react-native/le-react-native-redux-saga-duck/src/components/index.js": {"path":"/Users/t/react-native/le-react-native-redux-saga-duck/src/components/index.js","statementMap":{},"fnMap":{},"branchMap":{},"s":{},"f":{},"b":{},"_coverageSchema":"43e27e138ebf9cfc5966b082cf9a028302ed4184","hash":"98f36c5ed985de96d71d9b37f07a7992e445d7c1"}
,"/Users/t/react-native/le-react-native-redux-saga-duck/src/components/PostList/PostList.js": {"path":"/Users/t/react-native/le-react-native-redux-saga-duck/src/components/PostList/PostList.js","statementMap":{"0":{"start":{"line":10,"column":17},"end":{"line":26,"column":1}},"1":{"start":{"line":11,"column":2},"end":{"line":25,"column":4}},"2":{"start":{"line":17,"column":10},"end":{"line":21,"column":12}},"3":{"start":{"line":28,"column":0},"end":{"line":33,"column":2}},"4":{"start":{"line":35,"column":0},"end":{"line":37,"column":2}}},"fnMap":{"0":{"name":"(anonymous_0)","decl":{"start":{"line":10,"column":17},"end":{"line":10,"column":18}},"loc":{"start":{"line":10,"column":32},"end":{"line":26,"column":1}},"line":10},"1":{"name":"(anonymous_1)","decl":{"start":{"line":16,"column":18},"end":{"line":16,"column":19}},"loc":{"start":{"line":16,"column":28},"end":{"line":22,"column":9}},"line":16}},"branchMap":{},"s":{"0":1,"1":1,"2":0,"3":1,"4":1},"f":{"0":1,"1":0},"b":{},"_coverageSchema":"43e27e138ebf9cfc5966b082cf9a028302ed4184","hash":"12e8e3049d249e656fb7afdab07d03dbab115ded"}
,"/Users/t/react-native/le-react-native-redux-saga-duck/src/components/PostList/PostList.styles.js": {"path":"/Users/t/react-native/le-react-native-redux-saga-duck/src/components/PostList/PostList.styles.js","statementMap":{},"fnMap":{},"branchMap":{},"s":{},"f":{},"b":{},"_coverageSchema":"43e27e138ebf9cfc5966b082cf9a028302ed4184","hash":"154fd341d00265047373e7696f74e924eaa97a51"}
,"/Users/t/react-native/le-react-native-redux-saga-duck/src/components/PostList/index.js": {"path":"/Users/t/react-native/le-react-native-redux-saga-duck/src/components/PostList/index.js","statementMap":{},"fnMap":{},"branchMap":{},"s":{},"f":{},"b":{},"_coverageSchema":"43e27e138ebf9cfc5966b082cf9a028302ed4184","hash":"081cfa8376fc0a0ac79687dc3631deb54b397734"}
,"/Users/t/react-native/le-react-native-redux-saga-duck/src/containers/PostListContainer/PostListContainer.js": {"path":"/Users/t/react-native/le-react-native-redux-saga-duck/src/containers/PostListContainer/PostListContainer.js","statementMap":{"0":{"start":{"line":14,"column":33},"end":{"line":27,"column":1}},"1":{"start":{"line":18,"column":6},"end":{"line":18,"column":11}},"2":{"start":{"line":20,"column":2},"end":{"line":22,"column":9}},"3":{"start":{"line":21,"column":4},"end":{"line":21,"column":17}},"4":{"start":{"line":24,"column":2},"end":{"line":26,"column":4}},"5":{"start":{"line":29,"column":0},"end":{"line":32,"column":2}},"6":{"start":{"line":34,"column":0},"end":{"line":36,"column":2}},"7":{"start":{"line":38,"column":24},"end":{"line":42,"column":1}},"8":{"start":{"line":39,"column":2},"end":{"line":41,"column":4}},"9":{"start":{"line":45,"column":2},"end":{"line":47,"column":4}},"10":{"start":{"line":46,"column":22},"end":{"line":46,"column":62}}},"fnMap":{"0":{"name":"(anonymous_0)","decl":{"start":{"line":14,"column":33},"end":{"line":14,"column":34}},"loc":{"start":{"line":14,"column":44},"end":{"line":27,"column":1}},"line":14},"1":{"name":"(anonymous_1)","decl":{"start":{"line":20,"column":12},"end":{"line":20,"column":13}},"loc":{"start":{"line":20,"column":18},"end":{"line":22,"column":3}},"line":20},"2":{"name":"(anonymous_2)","decl":{"start":{"line":38,"column":24},"end":{"line":38,"column":25}},"loc":{"start":{"line":38,"column":35},"end":{"line":42,"column":1}},"line":38},"3":{"name":"mapDispatchToProps","decl":{"start":{"line":44,"column":9},"end":{"line":44,"column":27}},"loc":{"start":{"line":44,"column":38},"end":{"line":48,"column":1}},"line":44},"4":{"name":"(anonymous_4)","decl":{"start":{"line":46,"column":16},"end":{"line":46,"column":17}},"loc":{"start":{"line":46,"column":22},"end":{"line":46,"column":62}},"line":46}},"branchMap":{},"s":{"0":1,"1":1,"2":1,"3":0,"4":1,"5":1,"6":1,"7":1,"8":0,"9":0,"10":0},"f":{"0":1,"1":0,"2":0,"3":0,"4":0},"b":{},"_coverageSchema":"43e27e138ebf9cfc5966b082cf9a028302ed4184","hash":"52a1be8e94764a0fecaeded7fb4fa75644300ba3"}
,"/Users/t/react-native/le-react-native-redux-saga-duck/src/state/post/actions.js": {"path":"/Users/t/react-native/le-react-native-redux-saga-duck/src/state/post/actions.js","statementMap":{"0":{"start":{"line":10,"column":32},"end":{"line":12,"column":2}},"1":{"start":{"line":10,"column":39},"end":{"line":12,"column":1}},"2":{"start":{"line":14,"column":39},"end":{"line":19,"column":2}},"3":{"start":{"line":14,"column":51},"end":{"line":19,"column":1}},"4":{"start":{"line":22,"column":30},"end":{"line":22,"column":65}},"5":{"start":{"line":22,"column":47},"end":{"line":22,"column":64}},"6":{"start":{"line":23,"column":2},"end":{"line":27,"column":3}},"7":{"start":{"line":24,"column":4},"end":{"line":24,"column":49}},"8":{"start":{"line":26,"column":4},"end":{"line":26,"column":39}},"9":{"start":{"line":31,"column":2},"end":{"line":33,"column":5}}},"fnMap":{"0":{"name":"(anonymous_0)","decl":{"start":{"line":10,"column":32},"end":{"line":10,"column":33}},"loc":{"start":{"line":10,"column":39},"end":{"line":12,"column":1}},"line":10},"1":{"name":"(anonymous_1)","decl":{"start":{"line":14,"column":39},"end":{"line":14,"column":40}},"loc":{"start":{"line":14,"column":51},"end":{"line":19,"column":1}},"line":14},"2":{"name":"fetchPosts","decl":{"start":{"line":21,"column":17},"end":{"line":21,"column":27}},"loc":{"start":{"line":21,"column":30},"end":{"line":28,"column":1}},"line":21},"3":{"name":"(anonymous_3)","decl":{"start":{"line":22,"column":41},"end":{"line":22,"column":42}},"loc":{"start":{"line":22,"column":47},"end":{"line":22,"column":64}},"line":22},"4":{"name":"watchPostActions","decl":{"start":{"line":30,"column":17},"end":{"line":30,"column":33}},"loc":{"start":{"line":30,"column":36},"end":{"line":34,"column":1}},"line":30}},"branchMap":{"0":{"loc":{"start":{"line":23,"column":2},"end":{"line":27,"column":3}},"type":"if","locations":[{"start":{"line":23,"column":2},"end":{"line":27,"column":3}},{"start":{"line":23,"column":2},"end":{"line":27,"column":3}}],"line":23}},"s":{"0":1,"1":0,"2":1,"3":0,"4":0,"5":0,"6":0,"7":0,"8":0,"9":0},"f":{"0":0,"1":0,"2":0,"3":0,"4":0},"b":{"0":[0,0]},"_coverageSchema":"43e27e138ebf9cfc5966b082cf9a028302ed4184","hash":"cdfbad44e6a04ccea48aebff64e6a0ee520c7355"}
,"/Users/t/react-native/le-react-native-redux-saga-duck/src/state/post/index.js": {"path":"/Users/t/react-native/le-react-native-redux-saga-duck/src/state/post/index.js","statementMap":{},"fnMap":{},"branchMap":{},"s":{},"f":{},"b":{},"_coverageSchema":"43e27e138ebf9cfc5966b082cf9a028302ed4184","hash":"d38a9b4347ea60c3cf0bd4d805d5222f0082f5e2"}
,"/Users/t/react-native/le-react-native-redux-saga-duck/src/state/post/reducers.js": {"path":"/Users/t/react-native/le-react-native-redux-saga-duck/src/state/post/reducers.js","statementMap":{"0":{"start":{"line":3,"column":18},"end":{"line":5,"column":1}},"1":{"start":{"line":8,"column":2},"end":{"line":21,"column":3}},"2":{"start":{"line":12,"column":10},"end":{"line":12,"column":24}},"3":{"start":{"line":14,"column":6},"end":{"line":17,"column":8}},"4":{"start":{"line":20,"column":6},"end":{"line":20,"column":19}}},"fnMap":{"0":{"name":"post","decl":{"start":{"line":7,"column":24},"end":{"line":7,"column":28}},"loc":{"start":{"line":7,"column":56},"end":{"line":22,"column":1}},"line":7}},"branchMap":{"0":{"loc":{"start":{"line":7,"column":29},"end":{"line":7,"column":46}},"type":"default-arg","locations":[{"start":{"line":7,"column":37},"end":{"line":7,"column":46}}],"line":7},"1":{"loc":{"start":{"line":8,"column":2},"end":{"line":21,"column":3}},"type":"switch","locations":[{"start":{"line":9,"column":4},"end":{"line":17,"column":8}},{"start":{"line":19,"column":4},"end":{"line":20,"column":19}}],"line":8}},"s":{"0":1,"1":0,"2":0,"3":0,"4":0},"f":{"0":0},"b":{"0":[0],"1":[0,0]},"_coverageSchema":"43e27e138ebf9cfc5966b082cf9a028302ed4184","hash":"d17a879add70ab522ab4f11de51b22e4dc9aad4b"}
,"/Users/t/react-native/le-react-native-redux-saga-duck/src/state/post/selectors.js": {"path":"/Users/t/react-native/le-react-native-redux-saga-duck/src/state/post/selectors.js","statementMap":{"0":{"start":{"line":6,"column":28},"end":{"line":6,"column":49}},"1":{"start":{"line":6,"column":39},"end":{"line":6,"column":49}},"2":{"start":{"line":7,"column":29},"end":{"line":7,"column":65}},"3":{"start":{"line":7,"column":40},"end":{"line":7,"column":65}},"4":{"start":{"line":9,"column":35},"end":{"line":17,"column":1}},"5":{"start":{"line":12,"column":4},"end":{"line":15,"column":7}}},"fnMap":{"0":{"name":"(anonymous_0)","decl":{"start":{"line":6,"column":28},"end":{"line":6,"column":29}},"loc":{"start":{"line":6,"column":39},"end":{"line":6,"column":49}},"line":6},"1":{"name":"(anonymous_1)","decl":{"start":{"line":7,"column":29},"end":{"line":7,"column":30}},"loc":{"start":{"line":7,"column":40},"end":{"line":7,"column":65}},"line":7},"2":{"name":"(anonymous_2)","decl":{"start":{"line":11,"column":2},"end":{"line":11,"column":3}},"loc":{"start":{"line":11,"column":13},"end":{"line":16,"column":3}},"line":11}},"branchMap":{},"s":{"0":1,"1":0,"2":1,"3":0,"4":1,"5":0},"f":{"0":0,"1":0,"2":0},"b":{},"_coverageSchema":"43e27e138ebf9cfc5966b082cf9a028302ed4184","hash":"ee0d8f54a6b5c98b818a5bd45357f673938c24ca"}
,"/Users/t/react-native/le-react-native-redux-saga-duck/src/state/post/types.js": {"path":"/Users/t/react-native/le-react-native-redux-saga-duck/src/state/post/types.js","statementMap":{"0":{"start":{"line":1,"column":21},"end":{"line":1,"column":34}},"1":{"start":{"line":2,"column":29},"end":{"line":2,"column":50}}},"fnMap":{},"branchMap":{},"s":{"0":1,"1":1},"f":{},"b":{},"_coverageSchema":"43e27e138ebf9cfc5966b082cf9a028302ed4184","hash":"cf6170aa06da12992fd886d506f28983b1710a29"}
,"/Users/t/react-native/le-react-native-redux-saga-duck/src/utils/api.js": {"path":"/Users/t/react-native/le-react-native-redux-saga-duck/src/utils/api.js","statementMap":{"0":{"start":{"line":3,"column":21},"end":{"line":3,"column":59}},"1":{"start":{"line":6,"column":2},"end":{"line":10,"column":4}},"2":{"start":{"line":14,"column":2},"end":{"line":17,"column":7}},"3":{"start":{"line":16,"column":6},"end":{"line":16,"column":34}},"4":{"start":{"line":25,"column":6},"end":{"line":25,"column":11}},"5":{"start":{"line":27,"column":19},"end":{"line":27,"column":66}},"6":{"start":{"line":28,"column":19},"end":{"line":28,"column":54}},"7":{"start":{"line":29,"column":2},"end":{"line":29,"column":51}},"8":{"start":{"line":31,"column":2},"end":{"line":36,"column":35}},"9":{"start":{"line":36,"column":23},"end":{"line":36,"column":32}},"10":{"start":{"line":39,"column":12},"end":{"line":59,"column":1}},"11":{"start":{"line":41,"column":4},"end":{"line":47,"column":7}},"12":{"start":{"line":51,"column":4},"end":{"line":57,"column":7}}},"fnMap":{"0":{"name":"buildHeaders","decl":{"start":{"line":5,"column":9},"end":{"line":5,"column":21}},"loc":{"start":{"line":5,"column":31},"end":{"line":11,"column":1}},"line":5},"1":{"name":"handleResponse","decl":{"start":{"line":13,"column":9},"end":{"line":13,"column":23}},"loc":{"start":{"line":13,"column":34},"end":{"line":18,"column":1}},"line":13},"2":{"name":"(anonymous_2)","decl":{"start":{"line":15,"column":10},"end":{"line":15,"column":11}},"loc":{"start":{"line":15,"column":22},"end":{"line":17,"column":5}},"line":15},"3":{"name":"request","decl":{"start":{"line":20,"column":9},"end":{"line":20,"column":16}},"loc":{"start":{"line":20,"column":24},"end":{"line":37,"column":1}},"line":20},"4":{"name":"(anonymous_4)","decl":{"start":{"line":36,"column":11},"end":{"line":36,"column":12}},"loc":{"start":{"line":36,"column":23},"end":{"line":36,"column":32}},"line":36},"5":{"name":"(anonymous_5)","decl":{"start":{"line":40,"column":7},"end":{"line":40,"column":8}},"loc":{"start":{"line":40,"column":23},"end":{"line":48,"column":3}},"line":40},"6":{"name":"(anonymous_6)","decl":{"start":{"line":50,"column":8},"end":{"line":50,"column":9}},"loc":{"start":{"line":50,"column":25},"end":{"line":58,"column":3}},"line":50}},"branchMap":{"0":{"loc":{"start":{"line":27,"column":19},"end":{"line":27,"column":66}},"type":"cond-expr","locations":[{"start":{"line":27,"column":27},"end":{"line":27,"column":61}},{"start":{"line":27,"column":64},"end":{"line":27,"column":66}}],"line":27}},"s":{"0":1,"1":0,"2":0,"3":0,"4":0,"5":0,"6":0,"7":0,"8":0,"9":0,"10":1,"11":0,"12":0},"f":{"0":0,"1":0,"2":0,"3":0,"4":0,"5":0,"6":0},"b":{"0":[0,0]},"_coverageSchema":"43e27e138ebf9cfc5966b082cf9a028302ed4184","hash":"75dd7f3054a4c936a670cd72a59bb87a9c463c64"}
,"/Users/t/react-native/le-react-native-redux-saga-duck/src/utils/helper.js": {"path":"/Users/t/react-native/le-react-native-redux-saga-duck/src/utils/helper.js","statementMap":{"0":{"start":{"line":1,"column":27},"end":{"line":24,"column":1}},"1":{"start":{"line":2,"column":20},"end":{"line":5,"column":3}},"2":{"start":{"line":7,"column":23},"end":{"line":10,"column":3}},"3":{"start":{"line":12,"column":24},"end":{"line":12,"column":36}},"4":{"start":{"line":13,"column":2},"end":{"line":21,"column":5}},"5":{"start":{"line":14,"column":4},"end":{"line":16,"column":5}},"6":{"start":{"line":15,"column":6},"end":{"line":15,"column":30}},"7":{"start":{"line":17,"column":4},"end":{"line":19,"column":5}},"8":{"start":{"line":18,"column":6},"end":{"line":18,"column":33}},"9":{"start":{"line":20,"column":4},"end":{"line":20,"column":13}},"10":{"start":{"line":23,"column":2},"end":{"line":23,"column":23}}},"fnMap":{"0":{"name":"(anonymous_0)","decl":{"start":{"line":1,"column":27},"end":{"line":1,"column":28}},"loc":{"start":{"line":1,"column":74},"end":{"line":24,"column":1}},"line":1},"1":{"name":"(anonymous_1)","decl":{"start":{"line":13,"column":21},"end":{"line":13,"column":22}},"loc":{"start":{"line":13,"column":31},"end":{"line":21,"column":3}},"line":13}},"branchMap":{"0":{"loc":{"start":{"line":1,"column":30},"end":{"line":1,"column":42}},"type":"default-arg","locations":[{"start":{"line":1,"column":40},"end":{"line":1,"column":42}}],"line":1},"1":{"loc":{"start":{"line":1,"column":44},"end":{"line":1,"column":57}},"type":"default-arg","locations":[{"start":{"line":1,"column":52},"end":{"line":1,"column":57}}],"line":1},"2":{"loc":{"start":{"line":14,"column":4},"end":{"line":16,"column":5}},"type":"if","locations":[{"start":{"line":14,"column":4},"end":{"line":16,"column":5}},{"start":{"line":14,"column":4},"end":{"line":16,"column":5}}],"line":14},"3":{"loc":{"start":{"line":17,"column":4},"end":{"line":19,"column":5}},"type":"if","locations":[{"start":{"line":17,"column":4},"end":{"line":19,"column":5}},{"start":{"line":17,"column":4},"end":{"line":19,"column":5}}],"line":17}},"s":{"0":1,"1":0,"2":0,"3":0,"4":0,"5":0,"6":0,"7":0,"8":0,"9":0,"10":0},"f":{"0":0,"1":0},"b":{"0":[0],"1":[0],"2":[0,0],"3":[0,0]},"_coverageSchema":"43e27e138ebf9cfc5966b082cf9a028302ed4184","hash":"8dbaf08e812b427d6c25480ea3ffdcc4e6b1aa2c"}
}
