TN:
SF:/Users/t/react-native/le-react-native-redux-saga-duck/src/assets/styles/global.js
FN:16,(anonymous_0)
FNF:1
FNH:1
FNDA:3,(anonymous_0)
DA:3,1
DA:4,1
DA:6,1
DA:7,1
DA:8,1
DA:10,1
DA:12,1
DA:13,1
DA:14,0
DA:16,3
DA:18,1
DA:50,1
DA:52,1
DA:59,1
DA:66,1
LF:15
LH:14
BRDA:7,0,0,1
BRDA:7,0,1,1
BRDA:12,1,0,0
BRDA:12,1,1,1
BRDA:13,2,0,1
BRDA:13,2,1,0
BRDA:13,3,0,1
BRDA:13,3,1,1
BRDA:14,4,0,0
BRDA:14,4,1,0
BRDA:14,5,0,0
BRDA:14,5,1,0
BRDA:67,6,0,0
BRDA:67,6,1,1
BRF:14
BRH:7
end_of_record
TN:
SF:/Users/t/react-native/le-react-native-redux-saga-duck/src/components/index.js
FNF:0
FNH:0
LF:0
LH:0
BRF:0
BRH:0
end_of_record
TN:
SF:/Users/t/react-native/le-react-native-redux-saga-duck/src/components/PostList/PostList.js
FN:10,(anonymous_0)
FN:16,(anonymous_1)
FNF:2
FNH:1
FNDA:1,(anonymous_0)
FNDA:0,(anonymous_1)
DA:10,1
DA:11,1
DA:17,0
DA:28,1
DA:35,1
LF:5
LH:4
BRF:0
BRH:0
end_of_record
TN:
SF:/Users/t/react-native/le-react-native-redux-saga-duck/src/components/PostList/PostList.styles.js
FNF:0
FNH:0
LF:0
LH:0
BRF:0
BRH:0
end_of_record
TN:
SF:/Users/t/react-native/le-react-native-redux-saga-duck/src/components/PostList/index.js
FNF:0
FNH:0
LF:0
LH:0
BRF:0
BRH:0
end_of_record
TN:
SF:/Users/t/react-native/le-react-native-redux-saga-duck/src/containers/PostListContainer/PostListContainer.js
FN:14,(anonymous_0)
FN:20,(anonymous_1)
FN:38,(anonymous_2)
FN:44,mapDispatchToProps
FN:46,(anonymous_4)
FNF:5
FNH:1
FNDA:1,(anonymous_0)
FNDA:0,(anonymous_1)
FNDA:0,(anonymous_2)
FNDA:0,mapDispatchToProps
FNDA:0,(anonymous_4)
DA:14,1
DA:18,1
DA:20,1
DA:21,0
DA:24,1
DA:29,1
DA:34,1
DA:38,1
DA:39,0
DA:45,0
DA:46,0
LF:11
LH:7
BRF:0
BRH:0
end_of_record
TN:
SF:/Users/t/react-native/le-react-native-redux-saga-duck/src/state/post/actions.js
FN:10,(anonymous_0)
FN:14,(anonymous_1)
FN:21,fetchPosts
FN:22,(anonymous_3)
FN:30,watchPostActions
FNF:5
FNH:0
FNDA:0,(anonymous_0)
FNDA:0,(anonymous_1)
FNDA:0,fetchPosts
FNDA:0,(anonymous_3)
FNDA:0,watchPostActions
DA:10,1
DA:14,1
DA:22,0
DA:23,0
DA:24,0
DA:26,0
DA:31,0
LF:7
LH:2
BRDA:23,0,0,0
BRDA:23,0,1,0
BRF:2
BRH:0
end_of_record
TN:
SF:/Users/t/react-native/le-react-native-redux-saga-duck/src/state/post/index.js
FNF:0
FNH:0
LF:0
LH:0
BRF:0
BRH:0
end_of_record
TN:
SF:/Users/t/react-native/le-react-native-redux-saga-duck/src/state/post/reducers.js
FN:7,post
FNF:1
FNH:0
FNDA:0,post
DA:3,1
DA:8,0
DA:12,0
DA:14,0
DA:20,0
LF:5
LH:1
BRDA:7,0,0,0
BRDA:8,1,0,0
BRDA:8,1,1,0
BRF:3
BRH:0
end_of_record
TN:
SF:/Users/t/react-native/le-react-native-redux-saga-duck/src/state/post/selectors.js
FN:6,(anonymous_0)
FN:7,(anonymous_1)
FN:11,(anonymous_2)
FNF:3
FNH:0
FNDA:0,(anonymous_0)
FNDA:0,(anonymous_1)
FNDA:0,(anonymous_2)
DA:6,1
DA:7,1
DA:9,1
DA:12,0
LF:4
LH:3
BRF:0
BRH:0
end_of_record
TN:
SF:/Users/t/react-native/le-react-native-redux-saga-duck/src/state/post/types.js
FNF:0
FNH:0
DA:1,1
DA:2,1
LF:2
LH:2
BRF:0
BRH:0
end_of_record
TN:
SF:/Users/t/react-native/le-react-native-redux-saga-duck/src/utils/api.js
FN:5,buildHeaders
FN:13,handleResponse
FN:15,(anonymous_2)
FN:20,request
FN:36,(anonymous_4)
FN:40,(anonymous_5)
FN:50,(anonymous_6)
FNF:7
FNH:0
FNDA:0,buildHeaders
FNDA:0,handleResponse
FNDA:0,(anonymous_2)
FNDA:0,request
FNDA:0,(anonymous_4)
FNDA:0,(anonymous_5)
FNDA:0,(anonymous_6)
DA:3,1
DA:6,0
DA:14,0
DA:16,0
DA:25,0
DA:27,0
DA:28,0
DA:29,0
DA:31,0
DA:36,0
DA:39,1
DA:41,0
DA:51,0
LF:13
LH:2
BRDA:27,0,0,0
BRDA:27,0,1,0
BRF:2
BRH:0
end_of_record
TN:
SF:/Users/t/react-native/le-react-native-redux-saga-duck/src/utils/helper.js
FN:1,(anonymous_0)
FN:13,(anonymous_1)
FNF:2
FNH:0
FNDA:0,(anonymous_0)
FNDA:0,(anonymous_1)
DA:1,1
DA:2,0
DA:7,0
DA:12,0
DA:13,0
DA:14,0
DA:15,0
DA:17,0
DA:18,0
DA:20,0
DA:23,0
LF:11
LH:1
BRDA:1,0,0,0
BRDA:1,1,0,0
BRDA:14,2,0,0
BRDA:14,2,1,0
BRDA:17,3,0,0
BRDA:17,3,1,0
BRF:6
BRH:0
end_of_record
